<?xml version="1.0" encoding="UTF-8"?>
<!-- Generated by org.testng.reporters.JUnitXMLReporter -->
<testsuite ignored="3" hostname="DESKTOP-EHQQBIH" failures="0" tests="3" name="Chrome" time="0.463" errors="0" timestamp="2021-06-04T18:15:56 IST">
  <testcase classname="investment.banking1.Testclassdemo" name="Test1" time="0.056"/>
  <testcase classname="investment.banking1.Testclassdemo" name="Test1" time="0.026"/>
  <testcase classname="investment.banking1.Testclassdemo" name="Test1" time="0.031"/>
  <testcase classname="investment.banking1.Testclassdemo" name="Test2" time="0.0">
    <ignored/>
  </testcase> <!-- Test2 -->
  <testcase classname="investment.banking1.Testclassdemo" name="Test4" time="0.0">
    <ignored/>
  </testcase> <!-- Test4 -->
  <testcase classname="investment.banking1.Testclassdemo" name="Test3" time="0.0">
    <ignored/>
  </testcase> <!-- Test3 -->
</testsuite> <!-- Chrome -->
