<?xml version="1.0" encoding="UTF-8"?>
<!-- Generated by org.testng.reporters.JUnitXMLReporter -->
<testsuite ignored="1" hostname="DESKTOP-EHQQBIH" failures="0" tests="6" name="Test" time="36.455" errors="0" timestamp="2021-06-04T13:25:00 IST">
  <testcase classname="investment.banking1.Testclasssuyog" name="verifytasklink" time="3.609"/>
  <testcase classname="investment.banking1.Testclassdemo" name="Test4" time="0.012"/>
  <testcase classname="investment.banking1.Testclassdemo" name="Test1" time="0.007"/>
  <testcase classname="investment.banking1.Testclassdemo" name="Test1" time="0.041"/>
  <testcase classname="investment.banking1.Testclassdemo" name="Test1" time="0.005"/>
  <testcase classname="investment.banking1.Testclassdemo" name="Test3" time="0.006"/>
  <testcase classname="investment.banking1.Testclassdemo" name="Test2" time="0.0">
    <ignored/>
  </testcase> <!-- Test2 -->
</testsuite> <!-- Test -->
